This file contains any messages produced by compilers while
running configure, to aid debugging if configure makes a mistake.

It was created by HTSlib configure 1.10.2, which was
generated by GNU Autoconf 2.68.  Invocation command line was

  $ ./configure --prefix=/Users/sclamons/Documents/software/REViewer/build/install --disable-libcurl

## --------- ##
## Platform. ##
## --------- ##

hostname = USXX-FLM-038228
uname -m = x86_64
uname -r = 19.6.0
uname -s = Darwin
uname -v = Darwin Kernel Version 19.6.0: Thu Sep 16 20:58:47 PDT 2021; root:xnu-6153.141.40.1~1/RELEASE_X86_64

/usr/bin/uname -p = i386
/bin/uname -X     = unknown

/bin/arch              = unknown
/usr/bin/arch -k       = unknown
/usr/convex/getsysinfo = unknown
/usr/bin/hostinfo      = Mach kernel version:
	 Darwin Kernel Version 19.6.0: Thu Sep 16 20:58:47 PDT 2021; root:xnu-6153.141.40.1~1/RELEASE_X86_64
Kernel configured for up to 16 processors.
8 processors are physically available.
16 processors are logically available.
Processor type: x86_64h (Intel x86-64h Haswell)
Processors active: 0 1 2 3 4 5 6 7 8 9 10 11 12 13 14 15
Primary memory available: 16.00 gigabytes
Default processor set: 575 tasks, 2862 threads, 16 processors
Load average: 2.62, Mach factor: 13.40
/bin/machine           = unknown
/usr/bin/oslevel       = unknown
/bin/universe          = unknown

PATH: /Users/sclamons/miniconda3/bin
PATH: /Users/sclamons/miniconda3/condabin
PATH: /usr/local/bin
PATH: /usr/bin
PATH: /bin
PATH: /usr/sbin
PATH: /sbin
PATH: /


## ----------- ##
## Core tests. ##
## ----------- ##

configure:2177: checking for gcc
configure:2193: found /usr/bin/gcc
configure:2204: result: gcc
configure:2433: checking for C compiler version
configure:2442: gcc --version >&5
Apple clang version 12.0.0 (clang-1200.0.32.29)
Target: x86_64-apple-darwin19.6.0
Thread model: posix
InstalledDir: /Library/Developer/CommandLineTools/usr/bin
Configured with: --prefix=/Library/Developer/CommandLineTools/usr --with-gxx-include-dir=/Library/Developer/CommandLineTools/SDKs/MacOSX10.15.sdk/usr/include/c++/4.2.1
configure:2453: $? = 0
configure:2442: gcc -v >&5
Configured with: --prefix=/Library/Developer/CommandLineTools/usr --with-gxx-include-dir=/Library/Developer/CommandLineTools/SDKs/MacOSX10.15.sdk/usr/include/c++/4.2.1
Apple clang version 12.0.0 (clang-1200.0.32.29)
Target: x86_64-apple-darwin19.6.0
Thread model: posix
InstalledDir: /Library/Developer/CommandLineTools/usr/bin
configure:2453: $? = 0
configure:2442: gcc -V >&5
clang: error: argument to '-V' is missing (expected 1 value)
clang: error: no input files
configure:2453: $? = 1
configure:2442: gcc -qversion >&5
clang: error: unknown argument '-qversion'; did you mean '--version'?
clang: error: no input files
configure:2453: $? = 1
configure:2473: checking whether the C compiler works
configure:2495: gcc    conftest.c  >&5
configure:2499: $? = 0
configure:2547: result: yes
configure:2550: checking for C compiler default output file name
configure:2552: result: a.out
configure:2558: checking for suffix of executables
configure:2565: gcc -o conftest    conftest.c  >&5
configure:2569: $? = 0
configure:2591: result: 
configure:2613: checking whether we are cross compiling
configure:2621: gcc -o conftest    conftest.c  >&5
configure:2625: $? = 0
configure:2632: ./conftest
configure:2636: $? = 0
configure:2651: result: no
configure:2656: checking for suffix of object files
configure:2678: gcc -c   conftest.c >&5
configure:2682: $? = 0
configure:2703: result: o
configure:2707: checking whether we are using the GNU C compiler
configure:2726: gcc -c   conftest.c >&5
configure:2726: $? = 0
configure:2735: result: yes
configure:2744: checking whether gcc accepts -g
configure:2764: gcc -c -g  conftest.c >&5
configure:2764: $? = 0
configure:2805: result: yes
configure:2822: checking for gcc option to accept ISO C89
configure:2886: gcc  -c -g -O2  conftest.c >&5
configure:2886: $? = 0
configure:2899: result: none needed
configure:2962: checking for ranlib
configure:2978: found /usr/bin/ranlib
configure:2989: result: ranlib
configure:3012: checking for grep that handles long lines and -e
configure:3070: result: /usr/bin/grep
configure:3095: checking for C compiler warning flags
configure:3208: result: -Wall
configure:3349: checking for pkg-config
configure:3382: result: no
configure:3446: checking for special C compiler options needed for large files
configure:3491: result: no
configure:3497: checking for _FILE_OFFSET_BITS value needed for large files
configure:3522: gcc -c  -Wall -g -O2  conftest.c >&5
configure:3522: $? = 0
configure:3554: result: no
configure:3718: checking shared library type for unknown-Darwin
configure:3746: result: Darwin dylib
configure:3757: checking whether the compiler accepts -fvisibility=hidden
configure:3777: gcc -o conftest  -Wall -g -O2 -fvisibility=hidden   -fvisibility=hidden conftest.c  >&5
configure:3777: $? = 0
configure:3791: result: yes
configure:3847: checking how to run the C preprocessor
configure:3878: gcc -E  conftest.c
configure:3878: $? = 0
configure:3892: gcc -E  conftest.c
conftest.c:9:10: fatal error: 'ac_nonexistent.h' file not found
#include <ac_nonexistent.h>
         ^~~~~~~~~~~~~~~~~~
1 error generated.
configure:3892: $? = 1
configure: failed program was:
| /* confdefs.h */
| #define PACKAGE_NAME "HTSlib"
| #define PACKAGE_TARNAME "htslib"
| #define PACKAGE_VERSION "1.10.2"
| #define PACKAGE_STRING "HTSlib 1.10.2"
| #define PACKAGE_BUGREPORT "samtools-help@lists.sourceforge.net"
| #define PACKAGE_URL "http://www.htslib.org/"
| /* end confdefs.h.  */
| #include <ac_nonexistent.h>
configure:3917: result: gcc -E
configure:3937: gcc -E  conftest.c
configure:3937: $? = 0
configure:3951: gcc -E  conftest.c
conftest.c:9:10: fatal error: 'ac_nonexistent.h' file not found
#include <ac_nonexistent.h>
         ^~~~~~~~~~~~~~~~~~
1 error generated.
configure:3951: $? = 1
configure: failed program was:
| /* confdefs.h */
| #define PACKAGE_NAME "HTSlib"
| #define PACKAGE_TARNAME "htslib"
| #define PACKAGE_VERSION "1.10.2"
| #define PACKAGE_STRING "HTSlib 1.10.2"
| #define PACKAGE_BUGREPORT "samtools-help@lists.sourceforge.net"
| #define PACKAGE_URL "http://www.htslib.org/"
| /* end confdefs.h.  */
| #include <ac_nonexistent.h>
configure:3980: checking for egrep
configure:4042: result: /usr/bin/grep -E
configure:4047: checking for ANSI C header files
configure:4067: gcc -c  -Wall -g -O2 -fvisibility=hidden  conftest.c >&5
configure:4067: $? = 0
configure:4140: gcc -o conftest  -Wall -g -O2 -fvisibility=hidden   -fvisibility=hidden conftest.c  >&5
configure:4140: $? = 0
configure:4140: ./conftest
configure:4140: $? = 0
configure:4151: result: yes
configure:4164: checking for sys/types.h
configure:4164: gcc -c  -Wall -g -O2 -fvisibility=hidden  conftest.c >&5
configure:4164: $? = 0
configure:4164: result: yes
configure:4164: checking for sys/stat.h
configure:4164: gcc -c  -Wall -g -O2 -fvisibility=hidden  conftest.c >&5
configure:4164: $? = 0
configure:4164: result: yes
configure:4164: checking for stdlib.h
configure:4164: gcc -c  -Wall -g -O2 -fvisibility=hidden  conftest.c >&5
configure:4164: $? = 0
configure:4164: result: yes
configure:4164: checking for string.h
configure:4164: gcc -c  -Wall -g -O2 -fvisibility=hidden  conftest.c >&5
configure:4164: $? = 0
configure:4164: result: yes
configure:4164: checking for memory.h
configure:4164: gcc -c  -Wall -g -O2 -fvisibility=hidden  conftest.c >&5
configure:4164: $? = 0
configure:4164: result: yes
configure:4164: checking for strings.h
configure:4164: gcc -c  -Wall -g -O2 -fvisibility=hidden  conftest.c >&5
configure:4164: $? = 0
configure:4164: result: yes
configure:4164: checking for inttypes.h
configure:4164: gcc -c  -Wall -g -O2 -fvisibility=hidden  conftest.c >&5
configure:4164: $? = 0
configure:4164: result: yes
configure:4164: checking for stdint.h
configure:4164: gcc -c  -Wall -g -O2 -fvisibility=hidden  conftest.c >&5
configure:4164: $? = 0
configure:4164: result: yes
configure:4164: checking for unistd.h
configure:4164: gcc -c  -Wall -g -O2 -fvisibility=hidden  conftest.c >&5
configure:4164: $? = 0
configure:4164: result: yes
configure:4182: checking for stdlib.h
configure:4182: result: yes
configure:4182: checking for unistd.h
configure:4182: result: yes
configure:4182: checking for sys/param.h
configure:4182: gcc -c  -Wall -g -O2 -fvisibility=hidden  conftest.c >&5
configure:4182: $? = 0
configure:4182: result: yes
configure:4202: checking for getpagesize
configure:4202: gcc -o conftest  -Wall -g -O2 -fvisibility=hidden   -fvisibility=hidden conftest.c  >&5
configure:4202: $? = 0
configure:4202: result: yes
configure:4211: checking for working mmap
configure:4358: gcc -o conftest  -Wall -g -O2 -fvisibility=hidden   -fvisibility=hidden conftest.c  >&5
configure:4358: $? = 0
configure:4358: ./conftest
configure:4358: $? = 0
configure:4368: result: yes
configure:4380: checking for gmtime_r
configure:4380: gcc -o conftest  -Wall -g -O2 -fvisibility=hidden   -fvisibility=hidden conftest.c  >&5
configure:4380: $? = 0
configure:4380: result: yes
configure:4380: checking for fsync
configure:4380: gcc -o conftest  -Wall -g -O2 -fvisibility=hidden   -fvisibility=hidden conftest.c  >&5
configure:4380: $? = 0
configure:4380: result: yes
configure:4380: checking for drand48
configure:4380: gcc -o conftest  -Wall -g -O2 -fvisibility=hidden   -fvisibility=hidden conftest.c  >&5
configure:4380: $? = 0
configure:4380: result: yes
configure:4392: checking whether fdatasync is declared
configure:4392: gcc -c  -Wall -g -O2 -fvisibility=hidden  conftest.c >&5
conftest.c:67:10: error: use of undeclared identifier 'fdatasync'
  (void) fdatasync;
         ^
1 error generated.
configure:4392: $? = 1
configure: failed program was:
| /* confdefs.h */
| #define PACKAGE_NAME "HTSlib"
| #define PACKAGE_TARNAME "htslib"
| #define PACKAGE_VERSION "1.10.2"
| #define PACKAGE_STRING "HTSlib 1.10.2"
| #define PACKAGE_BUGREPORT "samtools-help@lists.sourceforge.net"
| #define PACKAGE_URL "http://www.htslib.org/"
| #define STDC_HEADERS 1
| #define HAVE_SYS_TYPES_H 1
| #define HAVE_SYS_STAT_H 1
| #define HAVE_STDLIB_H 1
| #define HAVE_STRING_H 1
| #define HAVE_MEMORY_H 1
| #define HAVE_STRINGS_H 1
| #define HAVE_INTTYPES_H 1
| #define HAVE_STDINT_H 1
| #define HAVE_UNISTD_H 1
| #define HAVE_STDLIB_H 1
| #define HAVE_UNISTD_H 1
| #define HAVE_SYS_PARAM_H 1
| #define HAVE_GETPAGESIZE 1
| #define HAVE_MMAP 1
| #define HAVE_GMTIME_R 1
| #define HAVE_FSYNC 1
| #define HAVE_DRAND48 1
| /* end confdefs.h.  */
| #include <stdio.h>
| #ifdef HAVE_SYS_TYPES_H
| # include <sys/types.h>
| #endif
| #ifdef HAVE_SYS_STAT_H
| # include <sys/stat.h>
| #endif
| #ifdef STDC_HEADERS
| # include <stdlib.h>
| # include <stddef.h>
| #else
| # ifdef HAVE_STDLIB_H
| #  include <stdlib.h>
| # endif
| #endif
| #ifdef HAVE_STRING_H
| # if !defined STDC_HEADERS && defined HAVE_MEMORY_H
| #  include <memory.h>
| # endif
| # include <string.h>
| #endif
| #ifdef HAVE_STRINGS_H
| # include <strings.h>
| #endif
| #ifdef HAVE_INTTYPES_H
| # include <inttypes.h>
| #endif
| #ifdef HAVE_STDINT_H
| # include <stdint.h>
| #endif
| #ifdef HAVE_UNISTD_H
| # include <unistd.h>
| #endif
| int
| main ()
| {
| #ifndef fdatasync
| #ifdef __cplusplus
|   (void) fdatasync((int) 0);
| #else
|   (void) fdatasync;
| #endif
| #endif
| 
|   ;
|   return 0;
| }
configure:4392: result: no
configure:4531: checking for library containing log
configure:4562: gcc -o conftest  -Wall -g -O2 -fvisibility=hidden   -fvisibility=hidden conftest.c  >&5
conftest.c:34:6: warning: incompatible redeclaration of library function 'log' [-Wincompatible-library-redeclaration]
char log ();
     ^
conftest.c:34:6: note: 'log' is a builtin with type 'double (double)'
1 warning generated.
configure:4562: $? = 0
configure:4579: result: none required
configure:4599: checking for zlib.h
configure:4599: gcc -c  -Wall -g -O2 -fvisibility=hidden  conftest.c >&5
configure:4599: $? = 0
configure:4599: result: yes
configure:4608: checking for inflate in -lz
configure:4633: gcc -o conftest  -Wall -g -O2 -fvisibility=hidden   -fvisibility=hidden conftest.c -lz   >&5
configure:4633: $? = 0
configure:4642: result: yes
configure:4673: checking for library containing recv
configure:4704: gcc -o conftest  -Wall -g -O2 -fvisibility=hidden   -fvisibility=hidden conftest.c -lz  >&5
configure:4704: $? = 0
configure:4721: result: none required
configure:4743: checking for bzlib.h
configure:4743: gcc -c  -Wall -g -O2 -fvisibility=hidden  conftest.c >&5
configure:4743: $? = 0
configure:4743: result: yes
configure:4752: checking for BZ2_bzBuffToBuffCompress in -lbz2
configure:4777: gcc -o conftest  -Wall -g -O2 -fvisibility=hidden   -fvisibility=hidden conftest.c -lbz2  -lz  >&5
configure:4777: $? = 0
configure:4786: result: yes
configure:4830: checking for lzma.h
configure:4830: gcc -c  -Wall -g -O2 -fvisibility=hidden  conftest.c >&5
configure:4830: $? = 0
configure:4830: result: yes
configure:4843: checking for lzma_easy_buffer_encode in -llzma
configure:4868: gcc -o conftest  -Wall -g -O2 -fvisibility=hidden   -fvisibility=hidden conftest.c -llzma  -lbz2 -lz  >&5
configure:4868: $? = 0
configure:4877: result: yes
configure:4915: checking for libdeflate.h
configure:4915: gcc -c  -Wall -g -O2 -fvisibility=hidden  conftest.c >&5
conftest.c:33:10: fatal error: 'libdeflate.h' file not found
#include <libdeflate.h>
         ^~~~~~~~~~~~~~
1 error generated.
configure:4915: $? = 1
configure: failed program was:
| /* confdefs.h */
| #define PACKAGE_NAME "HTSlib"
| #define PACKAGE_TARNAME "htslib"
| #define PACKAGE_VERSION "1.10.2"
| #define PACKAGE_STRING "HTSlib 1.10.2"
| #define PACKAGE_BUGREPORT "samtools-help@lists.sourceforge.net"
| #define PACKAGE_URL "http://www.htslib.org/"
| #define STDC_HEADERS 1
| #define HAVE_SYS_TYPES_H 1
| #define HAVE_SYS_STAT_H 1
| #define HAVE_STDLIB_H 1
| #define HAVE_STRING_H 1
| #define HAVE_MEMORY_H 1
| #define HAVE_STRINGS_H 1
| #define HAVE_INTTYPES_H 1
| #define HAVE_STDINT_H 1
| #define HAVE_UNISTD_H 1
| #define HAVE_STDLIB_H 1
| #define HAVE_UNISTD_H 1
| #define HAVE_SYS_PARAM_H 1
| #define HAVE_GETPAGESIZE 1
| #define HAVE_MMAP 1
| #define HAVE_GMTIME_R 1
| #define HAVE_FSYNC 1
| #define HAVE_DRAND48 1
| #define HAVE_LIBZ 1
| #define HAVE_LIBBZ2 1
| #define HAVE_LZMA_H 1
| #define HAVE_LIBLZMA 1
| /* end confdefs.h.  */
| ;
| 
| #include <libdeflate.h>
configure:4915: result: no
configure:4924: checking for libdeflate_deflate_compress in -ldeflate
configure:4949: gcc -o conftest  -Wall -g -O2 -fvisibility=hidden   -fvisibility=hidden conftest.c -ldeflate  -llzma -lbz2 -lz  >&5
ld: library not found for -ldeflate
clang: error: linker command failed with exit code 1 (use -v to see invocation)
configure:4949: $? = 1
configure: failed program was:
| /* confdefs.h */
| #define PACKAGE_NAME "HTSlib"
| #define PACKAGE_TARNAME "htslib"
| #define PACKAGE_VERSION "1.10.2"
| #define PACKAGE_STRING "HTSlib 1.10.2"
| #define PACKAGE_BUGREPORT "samtools-help@lists.sourceforge.net"
| #define PACKAGE_URL "http://www.htslib.org/"
| #define STDC_HEADERS 1
| #define HAVE_SYS_TYPES_H 1
| #define HAVE_SYS_STAT_H 1
| #define HAVE_STDLIB_H 1
| #define HAVE_STRING_H 1
| #define HAVE_MEMORY_H 1
| #define HAVE_STRINGS_H 1
| #define HAVE_INTTYPES_H 1
| #define HAVE_STDINT_H 1
| #define HAVE_UNISTD_H 1
| #define HAVE_STDLIB_H 1
| #define HAVE_UNISTD_H 1
| #define HAVE_SYS_PARAM_H 1
| #define HAVE_GETPAGESIZE 1
| #define HAVE_MMAP 1
| #define HAVE_GMTIME_R 1
| #define HAVE_FSYNC 1
| #define HAVE_DRAND48 1
| #define HAVE_LIBZ 1
| #define HAVE_LIBBZ2 1
| #define HAVE_LZMA_H 1
| #define HAVE_LIBLZMA 1
| /* end confdefs.h.  */
| 
| /* Override any GCC internal prototype to avoid an error.
|    Use char because int might match the return type of a GCC
|    builtin and then its argument prototype would still apply.  */
| #ifdef __cplusplus
| extern "C"
| #endif
| char libdeflate_deflate_compress ();
| int
| main ()
| {
| return libdeflate_deflate_compress ();
|   ;
|   return 0;
| }
configure:4958: result: no
configure:5119: WARNING: GCS support not enabled: requires libcurl support
configure:5143: WARNING: S3 support not enabled: requires libcurl support
configure:5258: checking whether PTHREAD_MUTEX_RECURSIVE is declared
configure:5258: gcc -c  -Wall -g -O2 -fvisibility=hidden  conftest.c >&5
configure:5258: $? = 0
configure:5258: result: yes
configure:5403: creating ./config.status

## ---------------------- ##
## Running config.status. ##
## ---------------------- ##

This file was extended by HTSlib config.status 1.10.2, which was
generated by GNU Autoconf 2.68.  Invocation command line was

  CONFIG_FILES    = 
  CONFIG_HEADERS  = 
  CONFIG_LINKS    = 
  CONFIG_COMMANDS = 
  $ ./config.status 

on USXX-FLM-038228

config.status:840: creating config.mk
config.status:840: creating htslib.pc.tmp
config.status:840: creating config.h

## ---------------- ##
## Cache variables. ##
## ---------------- ##

ac_cv_c_compiler_gnu=yes
ac_cv_env_CC_set=
ac_cv_env_CC_value=
ac_cv_env_CFLAGS_set=
ac_cv_env_CFLAGS_value=
ac_cv_env_CPPFLAGS_set=
ac_cv_env_CPPFLAGS_value=
ac_cv_env_CPP_set=
ac_cv_env_CPP_value=
ac_cv_env_LDFLAGS_set=
ac_cv_env_LDFLAGS_value=
ac_cv_env_LIBS_set=
ac_cv_env_LIBS_value=
ac_cv_env_PKG_CONFIG_LIBDIR_set=
ac_cv_env_PKG_CONFIG_LIBDIR_value=
ac_cv_env_PKG_CONFIG_PATH_set=
ac_cv_env_PKG_CONFIG_PATH_value=
ac_cv_env_PKG_CONFIG_set=
ac_cv_env_PKG_CONFIG_value=
ac_cv_env_build_alias_set=
ac_cv_env_build_alias_value=
ac_cv_env_host_alias_set=
ac_cv_env_host_alias_value=
ac_cv_env_target_alias_set=
ac_cv_env_target_alias_value=
ac_cv_func_drand48=yes
ac_cv_func_fsync=yes
ac_cv_func_getpagesize=yes
ac_cv_func_gmtime_r=yes
ac_cv_func_mmap_fixed_mapped=yes
ac_cv_have_decl_PTHREAD_MUTEX_RECURSIVE=yes
ac_cv_have_decl_fdatasync_int_=no
ac_cv_header_bzlib_h=yes
ac_cv_header_inttypes_h=yes
ac_cv_header_libdeflate_h=no
ac_cv_header_lzma_h=yes
ac_cv_header_memory_h=yes
ac_cv_header_stdc=yes
ac_cv_header_stdint_h=yes
ac_cv_header_stdlib_h=yes
ac_cv_header_string_h=yes
ac_cv_header_strings_h=yes
ac_cv_header_sys_param_h=yes
ac_cv_header_sys_stat_h=yes
ac_cv_header_sys_types_h=yes
ac_cv_header_unistd_h=yes
ac_cv_header_zlib_h=yes
ac_cv_lib_bz2_BZ2_bzBuffToBuffCompress=yes
ac_cv_lib_deflate_libdeflate_deflate_compress=no
ac_cv_lib_lzma_lzma_easy_buffer_encode=yes
ac_cv_lib_z_inflate=yes
ac_cv_objext=o
ac_cv_path_EGREP='/usr/bin/grep -E'
ac_cv_path_GREP=/usr/bin/grep
ac_cv_prog_CPP='gcc -E'
ac_cv_prog_ac_ct_CC=gcc
ac_cv_prog_ac_ct_RANLIB=ranlib
ac_cv_prog_cc_c89=
ac_cv_prog_cc_g=yes
ac_cv_search_log='none required'
ac_cv_search_recv='none required'
ac_cv_sys_file_offset_bits=no
ac_cv_sys_largefile_CC=no
as_hts_cv_check_flag=hts_cv_check__fvisibility_hidden
hts_cv_check__fvisibility_hidden=yes
hts_cv_prog_cc_warnings=-Wall

## ----------------- ##
## Output variables. ##
## ----------------- ##

CC='gcc'
CFLAGS=' -Wall -g -O2 -fvisibility=hidden'
CPP='gcc -E'
CPPFLAGS=''
CRYPTO_LIBS=''
DEFS='-DHAVE_CONFIG_H'
ECHO_C='\c'
ECHO_N=''
ECHO_T=''
EGREP='/usr/bin/grep -E'
EXEEXT=''
GREP='/usr/bin/grep'
LDFLAGS=' -fvisibility=hidden'
LIBOBJS=''
LIBS='-llzma -lbz2 -lz '
LTLIBOBJS=''
OBJEXT='o'
PACKAGE_BUGREPORT='samtools-help@lists.sourceforge.net'
PACKAGE_NAME='HTSlib'
PACKAGE_STRING='HTSlib 1.10.2'
PACKAGE_TARNAME='htslib'
PACKAGE_URL='http://www.htslib.org/'
PACKAGE_VERSION='1.10.2'
PATH_SEPARATOR=':'
PKG_CONFIG=''
PKG_CONFIG_LIBDIR=''
PKG_CONFIG_PATH=''
PLATFORM='Darwin'
PLUGIN_EXT='.bundle'
RANLIB='ranlib'
SHELL='/bin/sh'
ac_ct_CC='gcc'
bindir='${exec_prefix}/bin'
build_alias=''
datadir='${datarootdir}'
datarootdir='${prefix}/share'
docdir='${datarootdir}/doc/${PACKAGE_TARNAME}'
dvidir='${docdir}'
enable_plugins='no'
exec_prefix='${prefix}'
gcs='disabled'
host_alias='unknown-Darwin'
htmldir='${docdir}'
includedir='${prefix}/include'
infodir='${datarootdir}/info'
libcurl='disabled'
libdir='${exec_prefix}/lib'
libexecdir='${exec_prefix}/libexec'
localedir='${datarootdir}/locale'
localstatedir='${prefix}/var'
mandir='${datarootdir}/man'
oldincludedir='/usr/include'
pc_requires=' liblzma'
pdfdir='${docdir}'
plugindir='$(libexecdir)/htslib'
pluginpath='$(libexecdir)/htslib'
prefix='/Users/sclamons/Documents/software/REViewer/build/install'
private_LIBS=' -lbz2'
program_transform_name='s,x,x,'
psdir='${docdir}'
s3='disabled'
sbindir='${exec_prefix}/sbin'
sharedstatedir='${prefix}/com'
static_LDFLAGS=''
static_LIBS='-lpthread -lz -lm -lbz2 -llzma'
sysconfdir='${prefix}/etc'
target_alias=''

## ----------- ##
## confdefs.h. ##
## ----------- ##

/* confdefs.h */
#define PACKAGE_NAME "HTSlib"
#define PACKAGE_TARNAME "htslib"
#define PACKAGE_VERSION "1.10.2"
#define PACKAGE_STRING "HTSlib 1.10.2"
#define PACKAGE_BUGREPORT "samtools-help@lists.sourceforge.net"
#define PACKAGE_URL "http://www.htslib.org/"
#define STDC_HEADERS 1
#define HAVE_SYS_TYPES_H 1
#define HAVE_SYS_STAT_H 1
#define HAVE_STDLIB_H 1
#define HAVE_STRING_H 1
#define HAVE_MEMORY_H 1
#define HAVE_STRINGS_H 1
#define HAVE_INTTYPES_H 1
#define HAVE_STDINT_H 1
#define HAVE_UNISTD_H 1
#define HAVE_STDLIB_H 1
#define HAVE_UNISTD_H 1
#define HAVE_SYS_PARAM_H 1
#define HAVE_GETPAGESIZE 1
#define HAVE_MMAP 1
#define HAVE_GMTIME_R 1
#define HAVE_FSYNC 1
#define HAVE_DRAND48 1
#define HAVE_LIBZ 1
#define HAVE_LIBBZ2 1
#define HAVE_LZMA_H 1
#define HAVE_LIBLZMA 1

configure: exit 0
